<?xml version="1.0" encoding="UTF-8"?>
<testsuite name="ru.nsu.shirokov.AdjacencyListGraphTest" tests="1" skipped="0" failures="0" errors="0" timestamp="2024-10-25T08:51:56" hostname="DESKTOP-TM87O7H" time="0.03">
  <properties/>
  <testcase name="testAddEdge()" classname="ru.nsu.shirokov.AdjacencyListGraphTest" time="0.03"/>
  <system-out><![CDATA[]]></system-out>
  <system-err><![CDATA[]]></system-err>
</testsuite>
