<?xml version="1.0" encoding="UTF-8"?>
<testsuite name="ru.nsu.shadrina.HeapSortTest" tests="4" skipped="0" failures="0" errors="0" timestamp="2024-09-12T11:58:31" hostname="DESKTOP-TM87O7H" time="0.059">
  <properties/>
  <testcase name="testSortNegativeNumbers()" classname="ru.nsu.shadrina.HeapSortTest" time="0.049"/>
  <testcase name="testSortEmptyArray()" classname="ru.nsu.shadrina.HeapSortTest" time="0.001"/>
  <testcase name="testSort()" classname="ru.nsu.shadrina.HeapSortTest" time="0.002"/>
  <testcase name="testSortSingleElement()" classname="ru.nsu.shadrina.HeapSortTest" time="0.002"/>
  <system-out><![CDATA[]]></system-out>
  <system-err><![CDATA[]]></system-err>
</testsuite>
